13:45:03.321 EVNT GDM NAME=NAVI_CARD_MOUNT;
13:45:03.352 CALL GDM:738 nuance_prompter_IPrompt_abortOperation IPrompt_instance='ext_prompt';
13:45:03.352 CTRL ERRO DragonDrivePrompterService MSG='snuance_prompter_IPrompt_abortOperation():  requested object ptr for [GDM] [ext_prompt] NOT FOUND in instance list.';
13:45:03.352 RESP GDM:738 nuance_prompter_IPrompt_abortOperation resultcode=NUANCE_COMMON_RESULTCODE_ERR_GCF_LAYER;
13:45:03.352 CALL GDM:739 nuance_prompter_IPrompt_waitForCompletion IPrompt_instance='ext_prompt';
13:45:03.352 CTRL ERRO DragonDrivePrompterService MSG='snuance_prompter_IPrompt_waitForCompletion():  requested object ptr for [GDM] [ext_prompt] NOT FOUND in instance list.';
13:45:03.352 RESP GDM:739 nuance_prompter_IPrompt_waitForCompletion resultcode=NUANCE_COMMON_RESULTCODE_ERR_GCF_LAYER status=NUANCE_COMMON_IBACKGROUNDOPERATION_STATUS_RUNNING;
13:45:03.352 CALL GDM:740 nuance_prompter_IPrompt_destroy IPrompt_instance='ext_prompt';
13:45:03.352 CTRL ERRO DragonDrivePrompterService MSG='snuance_prompter_IPrompt_destroy():  requested object ptr for [GDM] [ext_prompt] NOT FOUND in instance list.';
13:45:03.352 RESP GDM:740 nuance_prompter_IPrompt_destroy resultcode=NUANCE_COMMON_RESULTCODE_ERR_GCF_LAYER;
13:45:03.368 CALL GDM:741 nuance_audio_IAudioManager_deActivateScenario scenarioName='navi_prompt';
13:45:03.381 CTRL INFO DragonDriveCommonService MSG='nuance_audio_IAudioManager_deActivateScenario("navi_prompt") => SUCCESSFULLY.';
13:45:03.381 RESP GDM:741 nuance_audio_IAudioManager_deActivateScenario resultcode=NUANCE_COMMON_RESULTCODE_OK;
13:45:03.381 CALL GDM:742 nuance_audio_IAudioManager_deActivateScenario scenarioName='tts_prompt';
13:45:03.382 CTRL INFO DragonDriveCommonService MSG='nuance_audio_IAudioManager_deActivateScenario("tts_prompt") => SUCCESSFULLY.';
13:45:03.382 RESP GDM:742 nuance_audio_IAudioManager_deActivateScenario resultcode=NUANCE_COMMON_RESULTCODE_OK;
13:45:03.382 CALL GDM:743 nuance_audio_IAudioManager_deActivateScenario scenarioName='navi_prompt_mutex';
13:45:03.391 CTRL INFO DragonDriveCommonService MSG='nuance_audio_IAudioManager_deActivateScenario("navi_prompt_mutex") => SUCCESSFULLY.';
13:45:03.391 RESP GDM:743 nuance_audio_IAudioManager_deActivateScenario resultcode=NUANCE_COMMON_RESULTCODE_OK;
13:45:03.391 CALL GDM:744 nuance_audio_IAudioManager_deActivateScenario scenarioName='app_prompt_tofile';
13:45:03.391 CTRL INFO DragonDriveCommonService MSG='nuance_audio_IAudioManager_deActivateScenario("app_prompt_tofile") => SUCCESSFULLY.';
13:45:03.391 RESP GDM:744 nuance_audio_IAudioManager_deActivateScenario resultcode=NUANCE_COMMON_RESULTCODE_OK;
13:45:03.391 CALL GDM:745 nuance_audio_IAudioToFile_destroy IAudioToFile_instance='to_file';
13:45:03.391 RESP GDM:745 nuance_audio_IAudioToFile_destroy resultcode=NUANCE_COMMON_RESULTCODE_OK;
13:45:03.391 CALL GDM:746 nuance_asr_IDynamicContentConsumer_abortOperation IDynamicContentConsumer_instance='DCC_PHO_DEV_LIST';
13:45:03.391 RESP GDM:746 nuance_asr_IDynamicContentConsumer_abortOperation resultcode=NUANCE_COMMON_RESULTCODE_OK;
13:45:03.391 CALL GDM:747 nuance_asr_IDynamicContentConsumer_waitForCompletion IDynamicContentConsumer_instance='DCC_PHO_DEV_LIST';
13:45:03.391 RESP GDM:747 nuance_asr_IDynamicContentConsumer_waitForCompletion resultcode=NUANCE_COMMON_RESULTCODE_OK status=NUANCE_COMMON_IBACKGROUNDOPERATION_STATUS_COMPLETED;
13:45:03.391 CALL GDM:748 nuance_asr_IDynamicContentConsumer_abortOperation IDynamicContentConsumer_instance='DCC_PHO_PHONE_CONTACT_NAMES_1';
13:45:03.391 RESP GDM:748 nuance_asr_IDynamicContentConsumer_abortOperation resultcode=NUANCE_COMMON_RESULTCODE_OK;
13:45:03.391 CALL GDM:749 nuance_asr_IDynamicContentConsumer_waitForCompletion IDynamicContentConsumer_instance='DCC_PHO_PHONE_CONTACT_NAMES_1';
13:45:03.391 RESP GDM:749 nuance_asr_IDynamicContentConsumer_waitForCompletion resultcode=NUANCE_COMMON_RESULTCODE_OK status=NUANCE_COMMON_IBACKGROUNDOPERATION_STATUS_COMPLETED;
13:45:03.391 CALL GDM:750 nuance_asr_IDynamicContentConsumer_abortOperation IDynamicContentConsumer_instance='DCC_TUN_FM_STATIONNAMES';
13:45:03.391 RESP GDM:750 nuance_asr_IDynamicContentConsumer_abortOperation resultcode=NUANCE_COMMON_RESULTCODE_OK;
13:45:03.391 CALL GDM:751 nuance_asr_IDynamicContentConsumer_waitForCompletion IDynamicContentConsumer_instance='DCC_TUN_FM_STATIONNAMES';
13:45:03.391 RESP GDM:751 nuance_asr_IDynamicContentConsumer_waitForCompletion resultcode=NUANCE_COMMON_RESULTCODE_OK status=NUANCE_COMMON_IBACKGROUNDOPERATION_STATUS_COMPLETED;
13:45:03.391 CALL GDM:752 nuance_asr_IDynamicContentConsumer_abortOperation IDynamicContentConsumer_instance='DCC_MEDIA_DEV_LIST';
13:45:03.391 RESP GDM:752 nuance_asr_IDynamicContentConsumer_abortOperation resultcode=NUANCE_COMMON_RESULTCODE_OK;
13:45:03.391 CALL GDM:753 nuance_asr_IDynamicContentConsumer_waitForCompletion IDynamicContentConsumer_instance='DCC_MEDIA_DEV_LIST';
13:45:03.391 RESP GDM:753 nuance_asr_IDynamicContentConsumer_waitForCompletion resultcode=NUANCE_COMMON_RESULTCODE_OK status=NUANCE_COMMON_IBACKGROUNDOPERATION_STATUS_COMPLETED;
13:45:03.391 CALL GDM:754 nuance_asr_IDynamicContentConsumer_abortOperation IDynamicContentConsumer_instance='DCC_MEDIA_iphone-id';
13:45:03.391 RESP GDM:754 nuance_asr_IDynamicContentConsumer_abortOperation resultcode=NUANCE_COMMON_RESULTCODE_OK;
13:45:03.391 CALL GDM:755 nuance_asr_IDynamicContentConsumer_waitForCompletion IDynamicContentConsumer_instance='DCC_MEDIA_iphone-id';
13:45:03.407 RESP GDM:755 nuance_asr_IDynamicContentConsumer_waitForCompletion resultcode=NUANCE_COMMON_RESULTCODE_OK status=NUANCE_COMMON_IBACKGROUNDOPERATION_STATUS_COMPLETED;
13:45:03.407 CALL GDM:756 nuance_asr_IDynamicContentConsumer_abortOperation IDynamicContentConsumer_instance='DCC_MEDIA_AUDIOBOOKS_iphone-id';
13:45:03.407 RESP GDM:756 nuance_asr_IDynamicContentConsumer_abortOperation resultcode=NUANCE_COMMON_RESULTCODE_OK;
13:45:03.407 CALL GDM:757 nuance_asr_IDynamicContentConsumer_waitForCompletion IDynamicContentConsumer_instance='DCC_MEDIA_AUDIOBOOKS_iphone-id';
13:45:03.407 RESP GDM:757 nuance_asr_IDynamicContentConsumer_waitForCompletion resultcode=NUANCE_COMMON_RESULTCODE_OK status=NUANCE_COMMON_IBACKGROUNDOPERATION_STATUS_COMPLETED;
13:45:03.407 CALL GDM:758 nuance_asr_IDynamicContentConsumer_abortOperation IDynamicContentConsumer_instance='DCC_MEDIA_PLAYLISTS_iphone-id';
13:45:03.407 RESP GDM:758 nuance_asr_IDynamicContentConsumer_abortOperation resultcode=NUANCE_COMMON_RESULTCODE_OK;
13:45:03.407 CALL GDM:759 nuance_asr_IDynamicContentConsumer_waitForCompletion IDynamicContentConsumer_instance='DCC_MEDIA_PLAYLISTS_iphone-id';
13:45:03.407 RESP GDM:759 nuance_asr_IDynamicContentConsumer_waitForCompletion resultcode=NUANCE_COMMON_RESULTCODE_OK status=NUANCE_COMMON_IBACKGROUNDOPERATION_STATUS_COMPLETED;
13:45:03.407 CALL GDM:760 nuance_asr_IDynamicContentConsumer_abortOperation IDynamicContentConsumer_instance='DCC_MEDIA_PODCASTS_iphone-id';
13:45:03.407 RESP GDM:760 nuance_asr_IDynamicContentConsumer_abortOperation resultcode=NUANCE_COMMON_RESULTCODE_OK;
13:45:03.407 CALL GDM:761 nuance_asr_IDynamicContentConsumer_waitForCompletion IDynamicContentConsumer_instance='DCC_MEDIA_PODCASTS_iphone-id';
13:45:03.407 RESP GDM:761 nuance_asr_IDynamicContentConsumer_waitForCompletion resultcode=NUANCE_COMMON_RESULTCODE_OK status=NUANCE_COMMON_IBACKGROUNDOPERATION_STATUS_COMPLETED;
13:45:03.407 CALL GDM:762 nuance_asr_IDynamicContentConsumer_abortOperation IDynamicContentConsumer_instance='DCC_MEDIA_VIDEOS_iphone-id';
13:45:03.407 RESP GDM:762 nuance_asr_IDynamicContentConsumer_abortOperation resultcode=NUANCE_COMMON_RESULTCODE_OK;
13:45:03.407 CALL GDM:763 nuance_asr_IDynamicContentConsumer_waitForCompletion IDynamicContentConsumer_instance='DCC_MEDIA_VIDEOS_iphone-id';
13:45:03.407 RESP GDM:763 nuance_asr_IDynamicContentConsumer_waitForCompletion resultcode=NUANCE_COMMON_RESULTCODE_OK status=NUANCE_COMMON_IBACKGROUNDOPERATION_STATUS_COMPLETED;
13:45:03.407 CALL GDM:764 nuance_asr_IDynamicContentConsumer_destroy IDynamicContentConsumer_instance='DCC_PHO_DEV_LIST';
13:45:03.424 RESP GDM:764 nuance_asr_IDynamicContentConsumer_destroy resultcode=NUANCE_COMMON_RESULTCODE_OK;
13:45:03.424 CALL GDM:765 nuance_asr_IDynamicContentConsumer_destroy IDynamicContentConsumer_instance='DCC_PHO_PHONE_CONTACT_NAMES_1';
13:45:03.427 RESP GDM:765 nuance_asr_IDynamicContentConsumer_destroy resultcode=NUANCE_COMMON_RESULTCODE_OK;
13:45:03.427 CALL GDM:766 nuance_asr_IDynamicContentConsumer_destroy IDynamicContentConsumer_instance='DCC_TUN_FM_STATIONNAMES';
13:45:03.429 RESP GDM:766 nuance_asr_IDynamicContentConsumer_destroy resultcode=NUANCE_COMMON_RESULTCODE_OK;
13:45:03.430 CALL GDM:767 nuance_asr_IDynamicContentConsumer_destroy IDynamicContentConsumer_instance='DCC_MEDIA_DEV_LIST';
13:45:03.432 RESP GDM:767 nuance_asr_IDynamicContentConsumer_destroy resultcode=NUANCE_COMMON_RESULTCODE_OK;
13:45:03.432 CALL GDM:768 nuance_asr_IDynamicContentConsumer_destroy IDynamicContentConsumer_instance='DCC_MEDIA_iphone-id';
13:45:03.439 RESP GDM:768 nuance_asr_IDynamicContentConsumer_destroy resultcode=NUANCE_COMMON_RESULTCODE_OK;
13:45:03.439 CALL GDM:769 nuance_asr_IDynamicContentConsumer_destroy IDynamicContentConsumer_instance='DCC_MEDIA_AUDIOBOOKS_iphone-id';
13:45:03.439 RESP GDM:769 nuance_asr_IDynamicContentConsumer_destroy resultcode=NUANCE_COMMON_RESULTCODE_OK;
13:45:03.439 CALL GDM:770 nuance_asr_IDynamicContentConsumer_destroy IDynamicContentConsumer_instance='DCC_MEDIA_PLAYLISTS_iphone-id';
13:45:03.439 RESP GDM:770 nuance_asr_IDynamicContentConsumer_destroy resultcode=NUANCE_COMMON_RESULTCODE_OK;
13:45:03.439 CALL GDM:771 nuance_asr_IDynamicContentConsumer_destroy IDynamicContentConsumer_instance='DCC_MEDIA_PODCASTS_iphone-id';
13:45:03.439 RESP GDM:771 nuance_asr_IDynamicContentConsumer_destroy resultcode=NUANCE_COMMON_RESULTCODE_OK;
13:45:03.439 CALL GDM:772 nuance_asr_IDynamicContentConsumer_destroy IDynamicContentConsumer_instance='DCC_MEDIA_VIDEOS_iphone-id';
13:45:03.439 RESP GDM:772 nuance_asr_IDynamicContentConsumer_destroy resultcode=NUANCE_COMMON_RESULTCODE_OK;
13:45:03.439 CALL GDM:773 nuance_asr_IUseCase_abortOperation IUseCase_instance='UC_TopLevel_with_NLU';
13:45:03.439 RESP GDM:773 nuance_asr_IUseCase_abortOperation resultcode=NUANCE_COMMON_RESULTCODE_OK;
13:45:03.439 CALL GDM:774 nuance_asr_IUseCase_waitForCompletion IUseCase_instance='UC_TopLevel_with_NLU';
13:45:03.439 RESP GDM:774 nuance_asr_IUseCase_waitForCompletion resultcode=NUANCE_COMMON_RESULTCODE_OK status=NUANCE_COMMON_IBACKGROUNDOPERATION_STATUS_COMPLETED;
13:45:03.439 CALL GDM:775 nuance_asr_IUseCase_destroy IUseCase_instance='UC_TopLevel_with_NLU';
13:45:03.482 RESP GDM:775 nuance_asr_IUseCase_destroy resultcode=NUANCE_COMMON_RESULTCODE_OK;
13:45:03.482 CALL GDM:776 nuance_asr_IUseCase_abortOperation IUseCase_instance='UC_Navi_oneshot';
13:45:03.482 RESP GDM:776 nuance_asr_IUseCase_abortOperation resultcode=NUANCE_COMMON_RESULTCODE_OK;
13:45:03.482 CALL GDM:777 nuance_asr_IUseCase_waitForCompletion IUseCase_instance='UC_Navi_oneshot';
13:45:03.482 RESP GDM:777 nuance_asr_IUseCase_waitForCompletion resultcode=NUANCE_COMMON_RESULTCODE_OK status=NUANCE_COMMON_IBACKGROUNDOPERATION_STATUS_COMPLETED;
13:45:03.482 CALL GDM:778 nuance_asr_IUseCase_destroy IUseCase_instance='UC_Navi_oneshot';
13:45:03.498 RESP GDM:778 nuance_asr_IUseCase_destroy resultcode=NUANCE_COMMON_RESULTCODE_OK;
13:45:03.498 CALL GDM:779 nuance_asr_ILexicon_abortOperation ILexicon_instance='lexicon_prompting_music';
13:45:03.498 RESP GDM:779 nuance_asr_ILexicon_abortOperation resultcode=NUANCE_COMMON_RESULTCODE_OK;
13:45:03.498 CALL GDM:780 nuance_asr_ILexicon_waitForCompletion ILexicon_instance='lexicon_prompting_music';
13:45:03.498 RESP GDM:780 nuance_asr_ILexicon_waitForCompletion resultcode=NUANCE_COMMON_RESULTCODE_OK status=NUANCE_COMMON_IBACKGROUNDOPERATION_STATUS_COMPLETED;
13:45:03.498 CALL GDM:781 nuance_asr_ILexicon_destroy ILexicon_instance='lexicon_prompting_music';
13:45:03.498 RESP GDM:781 nuance_asr_ILexicon_destroy resultcode=NUANCE_COMMON_RESULTCODE_OK;
13:45:03.498 CALL GDM:782 nuance_asr_IRecognizer_abortOperation IRecognizer_instance='asr';
13:45:03.498 RESP GDM:782 nuance_asr_IRecognizer_abortOperation resultcode=NUANCE_COMMON_RESULTCODE_OK;
13:45:03.513 CALL GDM:783 nuance_asr_IRecognizer_waitForCompletion IRecognizer_instance='asr';
13:45:03.513 RESP GDM:783 nuance_asr_IRecognizer_waitForCompletion resultcode=NUANCE_COMMON_RESULTCODE_OK status=NUANCE_COMMON_IBACKGROUNDOPERATION_STATUS_COMPLETED;
13:45:03.513 CALL GDM:784 nuance_asr_IRecognizer_destroy IRecognizer_instance='asr';
13:45:03.513 RESP GDM:784 nuance_asr_IRecognizer_destroy resultcode=NUANCE_COMMON_RESULTCODE_OK;
13:45:03.529 CALL GDM:785 nuance_prompter_IPrompter_destroy IPrompter_instance='prompter';
13:45:03.545 RESP GDM:785 nuance_prompter_IPrompter_destroy resultcode=NUANCE_COMMON_RESULTCODE_OK;
13:45:03.545 CALL GDM:786 nuance_prompter_IPrompter_destroy IPrompter_instance='navi_prompter';
13:45:03.545 RESP GDM:786 nuance_prompter_IPrompter_destroy resultcode=NUANCE_COMMON_RESULTCODE_OK;
13:45:03.545 CALL GDM:787 nuance_prompter_IPrompter_destroy IPrompter_instance='navi_prompter_mutex';
13:45:03.607 RESP GDM:787 nuance_prompter_IPrompter_destroy resultcode=NUANCE_COMMON_RESULTCODE_OK;
13:45:03.607 CALL GDM:788 nuance_prompter_IPrompter_destroy IPrompter_instance='tts_prompter';
13:45:03.607 RESP GDM:788 nuance_prompter_IPrompter_destroy resultcode=NUANCE_COMMON_RESULTCODE_OK;
13:45:03.607 CALL GDM:789 nuance_prompter_IPrompter_destroy IPrompter_instance='app_prompter';
13:45:03.607 RESP GDM:789 nuance_prompter_IPrompter_destroy resultcode=NUANCE_COMMON_RESULTCODE_OK;
13:45:03.607 CALL GDM:790 nuance_common_IConfiguration_destroy IConfiguration_instance='dd_conf_prompter';
13:45:03.607 RESP GDM:790 nuance_common_IConfiguration_destroy resultcode=NUANCE_COMMON_RESULTCODE_OK;
13:45:03.607 CALL GDM:791 nuance_common_IConfiguration_destroy IConfiguration_instance='dd_conf_recog';
13:45:03.632 RESP GDM:791 nuance_common_IConfiguration_destroy resultcode=NUANCE_COMMON_RESULTCODE_OK;
13:45:03.632 CALL GDM:792 nuance_common_IKeyValuePool_destroy IKeyValuePool_instance='dd_key_value_pool';
13:45:03.633 RESP GDM:792 nuance_common_IKeyValuePool_destroy resultcode=NUANCE_COMMON_RESULTCODE_OK;
13:45:03.633 CALL GDM:793 nuance_asr_IUtterance_destroy IUtterance_instance='myUtterance';
13:45:03.634 RESP GDM:793 nuance_asr_IUtterance_destroy resultcode=NUANCE_COMMON_RESULTCODE_OK;
13:45:03.634 CALL GDM:794 System_LogMessage log_string='Version: GM_Info30_MY18_S21.1.8-RL_HB_GM_Info3.0_MSTask_S21.1.8_17.12.08-95';
13:45:03.634 RESP GDM:794 System_LogMessage system_logmessage_result=SYSTEM_RESULT_OK;
13:45:03.635 CALL GDM:795 System_StateSet system_state=SYSTEM_STATE_NAVI_SDCARD_MOUNT_INIT system_state_action=SYSTEM_STATE_BEGIN;
13:45:03.635 RESP GDM:795 System_StateSet system_state_result=SYSTEM_RESULT_OK;
13:45:03.635 CALL GDM:796 System_LanguageGet;
13:45:04.984 RESP GDM:796 System_LanguageGet system_language_get_result=SYSTEM_RESULT_OK system_language='en_US';
13:45:04.984 CALL GDM:797 System_GetCurrentUserID;
13:45:05.538 RESP GDM:797 System_GetCurrentUserID system_userid='1' system_state_result=SYSTEM_RESULT_OK;
13:45:05.538 CALL GDM:798 INTERN_Internal_GetRootPath;
13:45:05.538 RESP GDM:798 INTERN_Internal_GetRootPath RootPath='../../files_simu/dist/files_simu' IS_GetRootPathResult=IS_RESULT_OK;
13:45:05.538 CALL GDM:799 INTERN_Internal_Services_IsDirectoryPresent directoryName='1/ENU';
13:45:05.538 RESP GDM:799 INTERN_Internal_Services_IsDirectoryPresent IS_DirectoryIsPresent=0 IS_IsDirectoryPresentresult=IS_RESULT_OK;
13:45:05.538 CALL GDM:800 FileService_UnloadFile file_name='Cals.eco';
13:45:05.538 RESP GDM:800 FileService_UnloadFile unload_file_error=FILE_SERVICE_OK;
13:45:05.538 CALL GDM:801 System_CalibrationsGet;
13:45:05.538 RESP GDM:801 System_CalibrationsGet system_calibrations_get_result=SYSTEM_RESULT_OK;
13:45:05.538 CALL GDM:802 System_GetVINNumber;
13:45:06.142 RESP GDM:802 System_GetVINNumber VINNumber='1' System_GetVINNumber_result=SYSTEM_RESULT_OK;
13:45:06.142 CALL GDM:803 System_NaviDataPathGet;
13:45:06.547 RESP GDM:803 System_NaviDataPathGet system_navi_data_path='C:\\Navidata\\2017-06-23_navidata_NA-MY18\\speechdata' system_navi_data_path_get_result=SYSTEM_RESULT_OK;
13:45:06.547 CALL GDM:804 INTERN_Navi_DatabaseDirSet path='C:\\Navidata\\2017-06-23_navidata_NA-MY18\\speechdata/lookup';
13:45:06.562 CTRL INFO NavLookupService MSG='NavData Version: version_num=4.0.0 version_name=GM_Info_30_NA_MY18_2017-06-23 supported_nat_builds= state_based=1 ';
13:45:06.562 RESP GDM:804 INTERN_Navi_DatabaseDirSet navi_get_result=NAVI_RESULT_OK;
13:45:06.562 CALL GDM:805 System_StateSet system_state=SYSTEM_STATE_TTS_LOAD system_state_action=SYSTEM_STATE_BEGIN;
13:45:06.562 RESP GDM:805 System_StateSet system_state_result=SYSTEM_RESULT_OK;
13:45:06.562 CALL GDM:806 nuance_common_IKeyValuePool_create IKeyValuePool_instance='dd_key_value_pool' applicationCallback='';
13:45:06.562 RESP GDM:806 nuance_common_IKeyValuePool_create resultcode=NUANCE_COMMON_RESULTCODE_OK;
13:45:06.562 CALL GDM:807 nuance_common_IConfiguration_create IConfiguration_instance='dd_conf_prompter' configDir='../../dist/files_simu/speechdata/GM/grammar' appCb='';
13:45:06.660 RESP GDM:807 nuance_common_IConfiguration_create resultcode=NUANCE_COMMON_RESULTCODE_OK;
13:45:06.660 CALL GDM:808 nuance_prompter_IPrompter_create IPrompter_instance='prompter' name='prompter' config='dd_conf_prompter';
13:45:07.734 RESP GDM:808 nuance_prompter_IPrompter_create resultcode=NUANCE_COMMON_RESULTCODE_OK;
13:45:07.734 CALL GDM:809 nuance_prompter_IPrompter_activateUseCase IPrompter_instance='prompter' name='SDS_ENU';
13:45:07.753 RESP GDM:809 nuance_prompter_IPrompter_activateUseCase resultcode=NUANCE_COMMON_RESULTCODE_OK;
13:45:07.754 CALL GDM:810 nuance_prompter_IPrompter_waitForCompletion IPrompter_instance='prompter';
13:45:07.755 RESP GDM:810 nuance_prompter_IPrompter_waitForCompletion resultcode=NUANCE_COMMON_RESULTCODE_OK status=NUANCE_COMMON_IBACKGROUNDOPERATION_STATUS_COMPLETED;
13:45:07.756 CALL GDM:811 nuance_prompter_IPrompter_create IPrompter_instance='navi_prompter' name='navi_prompter' config='dd_conf_prompter';
13:45:08.125 RESP GDM:811 nuance_prompter_IPrompter_create resultcode=NUANCE_COMMON_RESULTCODE_OK;
13:45:08.125 CALL GDM:812 nuance_prompter_IPrompter_activateUseCase IPrompter_instance='navi_prompter' name='navi_ENU';
13:45:08.125 RESP GDM:812 nuance_prompter_IPrompter_activateUseCase resultcode=NUANCE_COMMON_RESULTCODE_OK;
13:45:08.125 CALL GDM:813 nuance_prompter_IPrompter_waitForCompletion IPrompter_instance='navi_prompter';
13:45:08.125 RESP GDM:813 nuance_prompter_IPrompter_waitForCompletion resultcode=NUANCE_COMMON_RESULTCODE_OK status=NUANCE_COMMON_IBACKGROUNDOPERATION_STATUS_COMPLETED;
13:45:08.125 CALL GDM:814 nuance_audio_IAudioManager_activateScenario scenarioName='navi_prompt';
13:45:08.156 CTRL INFO DragonDriveCommonService MSG='nuance_audio_IAudioManager_activateScenario("navi_prompt") => SUCCESSFULLY.';
13:45:08.156 RESP GDM:814 nuance_audio_IAudioManager_activateScenario resultcode=NUANCE_COMMON_RESULTCODE_OK;
13:45:08.156 CALL GDM:815 nuance_prompter_IPrompter_create IPrompter_instance='navi_prompter_mutex' name='navi_prompter_mutex' config='dd_conf_prompter';
13:45:08.516 RESP GDM:815 nuance_prompter_IPrompter_create resultcode=NUANCE_COMMON_RESULTCODE_OK;
13:45:08.516 CALL GDM:816 nuance_prompter_IPrompter_activateUseCase IPrompter_instance='navi_prompter_mutex' name='navi_mutex_ENU';
13:45:08.516 RESP GDM:816 nuance_prompter_IPrompter_activateUseCase resultcode=NUANCE_COMMON_RESULTCODE_OK;
13:45:08.516 CALL GDM:817 nuance_prompter_IPrompter_waitForCompletion IPrompter_instance='navi_prompter_mutex';
13:45:08.516 RESP GDM:817 nuance_prompter_IPrompter_waitForCompletion resultcode=NUANCE_COMMON_RESULTCODE_OK status=NUANCE_COMMON_IBACKGROUNDOPERATION_STATUS_COMPLETED;
13:45:08.516 CALL GDM:818 nuance_audio_IAudioManager_activateScenario scenarioName='navi_prompt_mutex';
13:45:08.532 CTRL INFO DragonDriveCommonService MSG='nuance_audio_IAudioManager_activateScenario("navi_prompt_mutex") => SUCCESSFULLY.';
13:45:08.532 RESP GDM:818 nuance_audio_IAudioManager_activateScenario resultcode=NUANCE_COMMON_RESULTCODE_OK;
13:45:08.532 CALL GDM:819 nuance_prompter_IPrompter_create IPrompter_instance='tts_prompter' name='tts_prompter' config='dd_conf_prompter';
13:45:08.888 RESP GDM:819 nuance_prompter_IPrompter_create resultcode=NUANCE_COMMON_RESULTCODE_OK;
13:45:08.888 CALL GDM:820 nuance_prompter_IPrompter_activateUseCase IPrompter_instance='tts_prompter' name='tts_ENU';
13:45:08.888 RESP GDM:820 nuance_prompter_IPrompter_activateUseCase resultcode=NUANCE_COMMON_RESULTCODE_OK;
13:45:08.888 CALL GDM:821 nuance_prompter_IPrompter_waitForCompletion IPrompter_instance='tts_prompter';
13:45:08.888 RESP GDM:821 nuance_prompter_IPrompter_waitForCompletion resultcode=NUANCE_COMMON_RESULTCODE_OK status=NUANCE_COMMON_IBACKGROUNDOPERATION_STATUS_COMPLETED;
13:45:08.888 CALL GDM:822 nuance_audio_IAudioManager_activateScenario scenarioName='tts_prompt';
13:45:08.904 CTRL INFO DragonDriveCommonService MSG='nuance_audio_IAudioManager_activateScenario("tts_prompt") => SUCCESSFULLY.';
13:45:08.904 RESP GDM:822 nuance_audio_IAudioManager_activateScenario resultcode=NUANCE_COMMON_RESULTCODE_OK;
13:45:08.904 CALL GDM:823 nuance_audio_IAudioToFile_create IAudioToFile_instance='to_file' name='to_file';
13:45:08.904 RESP GDM:823 nuance_audio_IAudioToFile_create resultcode=NUANCE_COMMON_RESULTCODE_OK;
13:45:08.904 CALL GDM:824 nuance_prompter_IPrompter_create IPrompter_instance='app_prompter' name='app_prompter' config='dd_conf_prompter';
13:45:09.267 RESP GDM:824 nuance_prompter_IPrompter_create resultcode=NUANCE_COMMON_RESULTCODE_OK;
13:45:09.267 CALL GDM:825 nuance_prompter_IPrompter_activateUseCase IPrompter_instance='app_prompter' name='app_ENU';
13:45:09.271 RESP GDM:825 nuance_prompter_IPrompter_activateUseCase resultcode=NUANCE_COMMON_RESULTCODE_OK;
13:45:09.271 CALL GDM:826 nuance_prompter_IPrompter_waitForCompletion IPrompter_instance='app_prompter';
13:45:09.272 RESP GDM:826 nuance_prompter_IPrompter_waitForCompletion resultcode=NUANCE_COMMON_RESULTCODE_OK status=NUANCE_COMMON_IBACKGROUNDOPERATION_STATUS_COMPLETED;
13:45:09.272 CALL GDM:827 nuance_audio_IAudioManager_activateScenario scenarioName='app_prompt_tofile';
13:45:09.273 CTRL INFO DragonDriveCommonService MSG='nuance_audio_IAudioManager_activateScenario("app_prompt_tofile") => SUCCESSFULLY.';
13:45:09.274 RESP GDM:827 nuance_audio_IAudioManager_activateScenario resultcode=NUANCE_COMMON_RESULTCODE_OK;
13:45:09.274 CALL GDM:828 System_StateSet system_state=SYSTEM_STATE_TTS_LOAD system_state_action=SYSTEM_STATE_END;
13:45:09.274 RESP GDM:828 System_StateSet system_state_result=SYSTEM_RESULT_OK;
13:45:09.274 CALL GDM:829 nuance_common_IConfiguration_create IConfiguration_instance='dd_conf_recog' configDir='../../dist/files_simu/speechdata/GM/grammar/ENU/json' appCb='dd_key_value_pool';
13:45:09.331 RESP GDM:829 nuance_common_IConfiguration_create resultcode=NUANCE_COMMON_RESULTCODE_OK;
13:45:09.331 CALL GDM:830 nuance_common_IKeyValuePool_setKeyValue IKeyValuePool_instance='dd_key_value_pool' key='envadapt' paramValue='../../files_simu/dist/files_simu1/ENU/';
13:45:09.331 RESP GDM:830 nuance_common_IKeyValuePool_setKeyValue resultcode=NUANCE_COMMON_RESULTCODE_OK;
13:45:09.331 CALL GDM:831 nuance_asr_IRecognizer_create IRecognizer_instance='asr' name='asr' configuration='dd_conf_recog';
13:45:09.349 RESP GDM:831 nuance_asr_IRecognizer_create resultcode=NUANCE_COMMON_RESULTCODE_OK;
13:45:09.349 CALL GDM:832 nuance_asr_IRecognizer_waitForCompletion IRecognizer_instance='asr';
13:45:09.888 RESP GDM:832 nuance_asr_IRecognizer_waitForCompletion resultcode=NUANCE_COMMON_RESULTCODE_OK status=NUANCE_COMMON_IBACKGROUNDOPERATION_STATUS_COMPLETED;
13:45:09.888 CALL GDM:833 nuance_common_IKeyValuePool_setKeyValue IKeyValuePool_instance='dd_key_value_pool' key='application_language' paramValue='ENU';
13:45:09.888 RESP GDM:833 nuance_common_IKeyValuePool_setKeyValue resultcode=NUANCE_COMMON_RESULTCODE_OK;
13:45:09.888 CALL GDM:834 nuance_common_IKeyValuePool_setKeyValue IKeyValuePool_instance='dd_key_value_pool' key='uid' paramValue='GM_Info_30';
13:45:09.888 RESP GDM:834 nuance_common_IKeyValuePool_setKeyValue resultcode=NUANCE_COMMON_RESULTCODE_OK;
13:45:09.888 CALL GDM:835 System_FeatureSupportGet;
13:45:11.193 RESP GDM:835 System_FeatureSupportGet system_feature_support_get_result=SYSTEM_RESULT_OK system_feature_list={ SYSTEM_FEATURE_BT_MUSIC, SYSTEM_FEATURE_BT_PHONE, SYSTEM_FEATURE_DAB, SYSTEM_FEATURE_HD, SYSTEM_FEATURE_INTERNET, SYSTEM_FEATURE_NAVI, SYSTEM_FEATURE_ONSTAR, SYSTEM_FEATURE_USB, SYSTEM_FEATURE_XM } system_spk_adaptation=SYSTEM_SPK_ADAPTATION_OFF system_voice_bargein=ENABLED_EARLYSPEAK;
13:45:11.194 CALL GDM:836 nuance_common_IKeyValuePool_setKeyValue IKeyValuePool_instance='dd_key_value_pool' key='LH_REC_PARAM_SPEAKER_ADAPTATION' paramValue='LH_REC_SPEAKER_PROFILE_DISABLE';
13:45:11.194 RESP GDM:836 nuance_common_IKeyValuePool_setKeyValue resultcode=NUANCE_COMMON_RESULTCODE_OK;
13:45:11.194 CALL GDM:837 FileService_LoadFile file_name='Cals.eco' column_names={ '*' };
13:45:11.195 RESP GDM:837 FileService_LoadFile load_file_error=FILE_SERVICE_OK;
13:45:11.196 CALL GDM:838 FileService_GetKeyInfo file_name='Cals.eco' key_name='CONT_DIG_TIMEOUT_CalID';
13:45:11.196 RESP GDM:838 FileService_GetKeyInfo key_info='800' get_key_info_error=FILE_SERVICE_OK;
13:45:11.197 CALL GDM:839 FileService_GetKeyInfo file_name='Cals.eco' key_name='END_OF_UTTERANCE_TIMEOUT_CalID';
13:45:11.197 RESP GDM:839 FileService_GetKeyInfo key_info='800' get_key_info_error=FILE_SERVICE_OK;
13:45:11.197 CALL GDM:840 FileService_GetKeyInfo file_name='Cals.eco' key_name='MAXIMUM_USER_SPEECH_TIME_CalID';
13:45:11.198 RESP GDM:840 FileService_GetKeyInfo key_info='30000' get_key_info_error=FILE_SERVICE_OK;
13:45:11.198 CALL GDM:841 FileService_GetKeyInfo file_name='Cals.eco' key_name='NOSPEECHTIMEOUT_CalID';
13:45:11.198 RESP GDM:841 FileService_GetKeyInfo key_info='5000' get_key_info_error=FILE_SERVICE_OK;
13:45:11.199 CALL GDM:842 FileService_GetKeyInfo file_name='Cals.eco' key_name='SHORTESTNAME_CalID';
13:45:11.199 CTRL ERRO FileService MSG='(4148): sSCFService_GetKeyInfoCallback(): key not found. ';
13:45:11.199 RESP GDM:842 FileService_GetKeyInfo key_info='' get_key_info_error=FILE_SERVICE_INVALID_VALUE;
13:45:11.200 CALL GDM:843 FileService_GetKeyInfo file_name='Cals.eco' key_name='NOSPEECHTIMEOUT_EXTENDED_CalID';
13:45:11.200 RESP GDM:843 FileService_GetKeyInfo key_info='10000' get_key_info_error=FILE_SERVICE_OK;
13:45:11.201 CALL GDM:844 FileService_GetKeyInfo file_name='Cals.eco' key_name='ONE_SHOT_DESTINATION_LEADING_SILENCE_CalID';
13:45:11.201 RESP GDM:844 FileService_GetKeyInfo key_info='5000' get_key_info_error=FILE_SERVICE_OK;
13:45:11.201 CALL GDM:845 FileService_GetKeyInfo file_name='Cals.eco' key_name='ONE_SHOT_DESTINATION_MAXIMUM_USER_SPEECH_TIME_CalID';
13:45:11.202 RESP GDM:845 FileService_GetKeyInfo key_info='30000' get_key_info_error=FILE_SERVICE_OK;
13:45:11.202 CALL GDM:846 FileService_GetKeyInfo file_name='Cals.eco' key_name='VOICE_KEYPAD_CONT_DIGITS_TIMEOUT_CalID';
13:45:11.202 RESP GDM:846 FileService_GetKeyInfo key_info='800' get_key_info_error=FILE_SERVICE_OK;
13:45:11.203 CALL GDM:847 FileService_GetKeyInfo file_name='Cals.eco' key_name='ONE_SHOT_DESTINATION_TRAILING_SILENCE_CalID';
13:45:11.203 RESP GDM:847 FileService_GetKeyInfo key_info='800' get_key_info_error=FILE_SERVICE_OK;
13:45:11.204 CALL GDM:848 FileService_GetKeyInfo file_name='Cals.eco' key_name='REGIONAL_PHONE_NUMBER_GROUPING_PLAYBACK_PAUSE_LENGTH_CalID';
13:45:11.204 RESP GDM:848 FileService_GetKeyInfo key_info='300' get_key_info_error=FILE_SERVICE_OK;
13:45:11.204 CALL GDM:849 FileService_GetKeyInfo file_name='Cals.eco' key_name='SR_MAX_LCRS_CalID';
13:45:11.205 RESP GDM:849 FileService_GetKeyInfo key_info='4' get_key_info_error=FILE_SERVICE_OK;
13:45:11.205 CALL GDM:850 FileService_GetKeyInfo file_name='Cals.eco' key_name='SR_MAX_TIMEOUTS_CalID';
13:45:11.206 RESP GDM:850 FileService_GetKeyInfo key_info='2' get_key_info_error=FILE_SERVICE_OK;
13:45:11.206 CALL GDM:851 FileService_GetKeyInfo file_name='Cals.eco' key_name='SongType_Slot_T1_Threshold_CalID';
13:45:11.207 RESP GDM:851 FileService_GetKeyInfo key_info='4000' get_key_info_error=FILE_SERVICE_OK;
13:45:11.207 CALL GDM:852 FileService_GetKeyInfo file_name='Cals.eco' key_name='SongType_Slot_T2_Threshold_CalID';
13:45:11.208 RESP GDM:852 FileService_GetKeyInfo key_info='8000' get_key_info_error=FILE_SERVICE_OK;
13:45:11.208 CALL GDM:853 FileService_GetKeyInfo file_name='Cals.eco' key_name='Album_Slot_T1_Threshold_CalID';
13:45:11.208 RESP GDM:853 FileService_GetKeyInfo key_info='4000' get_key_info_error=FILE_SERVICE_OK;
13:45:11.209 CALL GDM:854 FileService_GetKeyInfo file_name='Cals.eco' key_name='Album_Slot_T2_Threshold_CalID';
13:45:11.209 RESP GDM:854 FileService_GetKeyInfo key_info='8000' get_key_info_error=FILE_SERVICE_OK;
13:45:11.210 CALL GDM:855 FileService_GetKeyInfo file_name='Cals.eco' key_name='Genre_Artist_Playlist_Slot_T1Threshold_CalID';
13:45:11.210 RESP GDM:855 FileService_GetKeyInfo key_info='4000' get_key_info_error=FILE_SERVICE_OK;
13:45:11.210 CALL GDM:856 FileService_GetKeyInfo file_name='Cals.eco' key_name='Maximum_Size_Contact_User_Adding_CalID';
13:45:11.211 RESP GDM:856 FileService_GetKeyInfo key_info='500' get_key_info_error=FILE_SERVICE_OK;
13:45:11.211 CALL GDM:857 FileService_GetKeyInfo file_name='Cals.eco' key_name='Maximum_Size_Contact_Downloading_CalID';
13:45:11.211 RESP GDM:857 FileService_GetKeyInfo key_info='3500' get_key_info_error=FILE_SERVICE_OK;
13:45:11.212 CALL GDM:858 FileService_GetKeyInfo file_name='Cals.eco' key_name='PLEASE_WAIT_ACTIVE_TIMER_CalID';
13:45:11.212 RESP GDM:858 FileService_GetKeyInfo key_info='2500' get_key_info_error=FILE_SERVICE_OK;
13:45:11.213 CALL GDM:859 FileService_GetKeyInfo file_name='Cals.eco' key_name='SR_Min_Inter_Prompt_Time_CalID';
13:45:11.213 RESP GDM:859 FileService_GetKeyInfo key_info='1500' get_key_info_error=FILE_SERVICE_OK;
13:45:11.213 CALL GDM:860 FileService_GetKeyInfo file_name='Cals.eco' key_name='TTS_Voice_Level_CalID';
13:45:11.214 RESP GDM:860 FileService_GetKeyInfo key_info='80' get_key_info_error=FILE_SERVICE_OK;
13:45:11.214 CALL GDM:861 FileService_GetKeyInfo file_name='Cals.eco' key_name='Listening_BEEP_Level_CalID';
13:45:11.214 RESP GDM:861 FileService_GetKeyInfo key_info='80' get_key_info_error=FILE_SERVICE_OK;
13:45:11.215 CALL GDM:862 FileService_GetKeyInfo file_name='Cals.eco' key_name='EnableServerASR_Global_CalID';
13:45:11.215 RESP GDM:862 FileService_GetKeyInfo key_info='1' get_key_info_error=FILE_SERVICE_OK;
13:45:11.216 CALL GDM:863 FileService_GetKeyInfo file_name='Cals.eco' key_name='EnableServerASR_USENGLISH_CalID';
13:45:11.216 RESP GDM:863 FileService_GetKeyInfo key_info='1' get_key_info_error=FILE_SERVICE_OK;
13:45:11.216 CALL GDM:864 System_OffboardSpeech_Support system_offboard_subscription_status=true;
13:47:31.207 RESP GDM:864 System_OffboardSpeech_Support system_offboardspeech_support_result=SYSTEM_RESULT_OK;
13:47:31.207 CALL GDM:865 System_GetUserPrivacySetting;
14:15:48.381 RESP GDM:865 System_GetUserPrivacySetting voice_data_sharing=true system_get_user_privacy_setting_result=SYSTEM_RESULT_OK;
14:15:48.381 CALL GDM:866 FileService_GetKeyInfo file_name='Cals.eco' key_name='EMBEDDED_CONFIDENCE_THRESHOLD_ARRAY_USENGLISH_CalID';
14:15:48.381 CTRL ERRO FileService MSG='(4148): sSCFService_GetKeyInfoCallback(): key not found. ';
14:15:48.381 RESP GDM:866 FileService_GetKeyInfo key_info='' get_key_info_error=FILE_SERVICE_INVALID_VALUE;
14:15:48.381 CALL GDM:867 FileService_GetKeyInfo file_name='Cals.eco' key_name='EMBEDDED_CONFIDENCE_THRESHOLD_USENGLISH_CalID';
14:15:48.381 RESP GDM:867 FileService_GetKeyInfo key_info='4000,6000,300,4000,6000,300,4200,5900,2000,5800,8350,750,4200,5900,2000,5800,7000,1500,4200,5900,2100,5800,8250,700,4200,5900,2100,5800,6800,1400,4200,5800,2200,5700,8450,660,4200,5800,2200,5700,6600,1400,4200,6300,2200,6000,8200,850,4200,6300,2200,6000,7000,1400,4200,5700,2200,6000,8500,670,4200,5700,2200,6000,7400,1500,4200,5700,2200,6000,8500,670,4200,5700,2200,6000,7400,1500,4300,5400,150,4300,5400,150,4300,5400,150,4300,5400,150,4500,5800,2200,4500,5800,2200,4500,5600,2200,4500,5600,2200,4250,5400,2200,4250,5000,700,1000,5400,900,4100,5400,600,1000,5400,500,4100,5400,600' get_key_info_error=FILE_SERVICE_OK;
14:15:48.381 CALL GDM:868 FileService_GetKeyInfo file_name='Cals.eco' key_name='SERVER_CONFIDENCE_THRESHOLD_ARRAY_USENGLISH_CalID';
14:15:48.396 CTRL ERRO FileService MSG='(4148): sSCFService_GetKeyInfoCallback(): key not found. ';
14:15:48.396 RESP GDM:868 FileService_GetKeyInfo key_info='' get_key_info_error=FILE_SERVICE_INVALID_VALUE;
14:15:48.396 CALL GDM:869 FileService_GetKeyInfo file_name='Cals.eco' key_name='SERVER_CONFIDENCE_THRESHOLD_USENGLISH_CalID';
14:15:48.396 RESP GDM:869 FileService_GetKeyInfo key_info='2,4,300,2,4,300' get_key_info_error=FILE_SERVICE_OK;
14:15:48.396 CALL GDM:870 FileService_GetKeyInfo file_name='Cals.eco' key_name='SR_ENABLE_RDSSTATION_CalID';
14:15:48.396 RESP GDM:870 FileService_GetKeyInfo key_info='1' get_key_info_error=FILE_SERVICE_OK;
14:15:48.396 CALL GDM:871 FileService_UnloadFile file_name='Cals.eco';
14:15:48.396 RESP GDM:871 FileService_UnloadFile unload_file_error=FILE_SERVICE_OK;
14:15:48.396 CALL GDM:872 FileService_LoadFile file_name='Cals.eco' column_names={ '*' };
14:15:48.396 RESP GDM:872 FileService_LoadFile load_file_error=FILE_SERVICE_OK;
14:15:48.396 CALL GDM:873 INTERN_Navi_DatabaseDirSet path='C:\\Navidata\\2017-06-23_navidata_NA-MY18\\speechdata/lookup';
14:15:48.396 CTRL INFO NavLookupService MSG='NavData Version: version_num=4.0.0 version_name=GM_Info_30_NA_MY18_2017-06-23 supported_nat_builds= state_based=1 ';
14:15:48.396 RESP GDM:873 INTERN_Navi_DatabaseDirSet navi_get_result=NAVI_RESULT_OK;
14:15:48.396 CALL GDM:874 nuance_asr_IRecognizer_createLexicon IRecognizer_instance='asr' ILexicon_instance='lexicon_prompting_music' name='lexicon_prompting_music';
14:15:48.396 RESP GDM:874 nuance_asr_IRecognizer_createLexicon resultcode=NUANCE_COMMON_RESULTCODE_OK;
14:15:48.412 CALL GDM:875 nuance_asr_ILexicon_waitForCompletion ILexicon_instance='lexicon_prompting_music';
14:15:48.450 RESP GDM:875 nuance_asr_ILexicon_waitForCompletion resultcode=NUANCE_COMMON_RESULTCODE_OK status=NUANCE_COMMON_IBACKGROUNDOPERATION_STATUS_COMPLETED;
14:15:48.450 CALL GDM:876 Phone_GetPairedPhones;
14:15:49.512 RESP GDM:876 Phone_GetPairedPhones phone_get_paired_phone_results=PHONE_RESULT_OK;
14:15:49.512 CALL GDM:877 Phone_GetActivePhoneId;
14:15:49.792 RESP GDM:877 Phone_GetActivePhoneId phone_active_phone_id=1 phone_get_active_phoneid_result=PHONE_RESULT_OK;
14:15:49.792 CALL GDM:878 FileService_LoadFile file_name='phonedevice_list.cop' column_names={ '*' };
14:15:49.811 RESP GDM:878 FileService_LoadFile load_file_error=FILE_SERVICE_OK;
14:15:49.812 CALL GDM:879 FileService_GetLineCount file_name='phonedevice_list.cop';
14:15:49.812 RESP GDM:879 FileService_GetLineCount line_count=5 get_line_count_error=FILE_SERVICE_OK;
14:15:49.812 CALL GDM:880 FileService_GetData file_name='phonedevice_list.cop' line_number=1 line_count=1 column_name='*';
14:15:49.812 RESP GDM:880 FileService_GetData data={ '1', 'iPhone', 'AAAAAAAA' } get_data_error=FILE_SERVICE_OK;
14:15:49.812 CALL GDM:881 FileService_GetData file_name='phonedevice_list.cop' line_number=2 line_count=1 column_name='*';
14:15:49.812 RESP GDM:881 FileService_GetData data={ '2', 'Blackberry', 'BBBBBBBBB' } get_data_error=FILE_SERVICE_OK;
14:15:49.812 CALL GDM:882 FileService_GetData file_name='phonedevice_list.cop' line_number=3 line_count=1 column_name='*';
14:15:49.812 RESP GDM:882 FileService_GetData data={ '3', 'Galaxy', 'CCCCCCCC' } get_data_error=FILE_SERVICE_OK;
14:15:49.812 CALL GDM:883 FileService_GetData file_name='phonedevice_list.cop' line_number=4 line_count=1 column_name='*';
14:15:49.812 RESP GDM:883 FileService_GetData data={ '4', 'Nokia', 'DDDDDDDD' } get_data_error=FILE_SERVICE_OK;
14:15:49.812 CALL GDM:884 FileService_GetData file_name='phonedevice_list.cop' line_number=5 line_count=1 column_name='*';
14:15:49.812 RESP GDM:884 FileService_GetData data={ '5', 'Blackbirry', 'EEEEEEEEE' } get_data_error=FILE_SERVICE_OK;
14:15:49.812 CALL GDM:885 FileService_UnloadFile file_name='phonedevice_list.cop';
14:15:49.812 RESP GDM:885 FileService_UnloadFile unload_file_error=FILE_SERVICE_OK;
14:15:49.812 CALL GDM:886 System_StateSet system_state=SYSTEM_STATE_PHONE_DEVICELIST_G2P system_state_action=SYSTEM_STATE_BEGIN;
14:15:49.813 RESP GDM:886 System_StateSet system_state_result=SYSTEM_RESULT_OK;
14:15:49.814 CALL GDM:887 nuance_asr_ICOPFileReader_create ICOPFileReader_instance='ICOPFileReader_DCC_PHO_DEV_LIST' cOPFilePath='../test_data/phonedevice_list.cop';
14:15:49.815 RESP GDM:887 nuance_asr_ICOPFileReader_create resultcode=NUANCE_COMMON_RESULTCODE_OK;
14:15:49.815 CALL GDM:888 nuance_asr_IRecognizer_createDynamicContentConsumer IRecognizer_instance='asr' IDynamicContentConsumer_instance='DCC_PHO_DEV_LIST' name='DCC_PHO_DEV_LIST';
14:15:49.821 RESP GDM:888 nuance_asr_IRecognizer_createDynamicContentConsumer resultcode=NUANCE_COMMON_RESULTCODE_OK;
14:15:49.822 CALL GDM:889 nuance_asr_IDynamicContentConsumer_waitForCompletion IDynamicContentConsumer_instance='DCC_PHO_DEV_LIST';
14:15:49.825 EVNT GDM NAME=nuance_asr_IDynamicContentConsumerListener_onEvent instance='DCC_PHO_DEV_LIST' event=NUANCE_ASR_DYNAMICCONTENTCONSUMEREVENT_DCC_CREATION_STARTED message='';
14:15:49.837 EVNT GDM NAME=nuance_asr_IDynamicContentConsumerListener_onEvent instance='DCC_PHO_DEV_LIST' event=NUANCE_ASR_DYNAMICCONTENTCONSUMEREVENT_DCC_WITH_N_ENTRIES message='5';
14:15:49.837 EVNT GDM NAME=nuance_asr_IDynamicContentConsumerListener_onEvent instance='DCC_PHO_DEV_LIST' event=NUANCE_ASR_DYNAMICCONTENTCONSUMEREVENT_DCC_DATA_ID message='info30_picklist_phonedevice_list_2014_04_07';
14:15:49.838 EVNT GDM NAME=nuance_asr_IDynamicContentConsumerListener_onEvent instance='DCC_PHO_DEV_LIST' event=NUANCE_ASR_DYNAMICCONTENTCONSUMEREVENT_DCC_CREATION_FINISHED message='';
14:15:49.838 RESP GDM:889 nuance_asr_IDynamicContentConsumer_waitForCompletion resultcode=NUANCE_COMMON_RESULTCODE_OK status=NUANCE_COMMON_IBACKGROUNDOPERATION_STATUS_COMPLETED;
14:15:49.839 CALL GDM:890 nuance_asr_IDynamicContentConsumer_deleteAll IDynamicContentConsumer_instance='DCC_PHO_DEV_LIST';
14:15:49.839 RESP GDM:890 nuance_asr_IDynamicContentConsumer_deleteAll resultcode=NUANCE_COMMON_RESULTCODE_OK;
14:15:49.841 CALL GDM:891 nuance_asr_IDynamicContentConsumer_waitForCompletion IDynamicContentConsumer_instance='DCC_PHO_DEV_LIST';
14:15:49.845 RESP GDM:891 nuance_asr_IDynamicContentConsumer_waitForCompletion resultcode=NUANCE_COMMON_RESULTCODE_OK status=NUANCE_COMMON_IBACKGROUNDOPERATION_STATUS_COMPLETED;
14:15:49.845 CALL GDM:892 nuance_asr_IDynamicContentConsumer_startDataPreparation IDynamicContentConsumer_instance='DCC_PHO_DEV_LIST' iterator='ICOPFileReader_DCC_PHO_DEV_LIST';
14:15:49.845 RESP GDM:892 nuance_asr_IDynamicContentConsumer_startDataPreparation resultcode=NUANCE_COMMON_RESULTCODE_OK;
14:15:49.845 CALL GDM:893 Phone_GetActivePhoneId;
14:15:49.891 EVNT GDM NAME=nuance_asr_IDynamicContentConsumerListener_onEvent instance='DCC_PHO_DEV_LIST' event=NUANCE_ASR_DYNAMICCONTENTCONSUMEREVENT_DCC_DATA_PREPARATION_STARTED message='';
14:15:49.891 EVNT GDM NAME=nuance_asr_IDynamicContentConsumerListener_onEvent instance='DCC_PHO_DEV_LIST' event=NUANCE_ASR_DYNAMICCONTENTCONSUMEREVENT_DCC_DATA_PREPARATION_FINISHED message='';
14:15:49.891 CALL GDM:894 nuance_asr_ICOPFileReader_destroy ICOPFileReader_instance='ICOPFileReader_DCC_PHO_DEV_LIST';
14:15:49.891 RESP GDM:894 nuance_asr_ICOPFileReader_destroy resultcode=NUANCE_COMMON_RESULTCODE_OK;
14:15:49.891 CALL GDM:895 System_StateSet system_state=SYSTEM_STATE_PHONE_DEVICELIST_G2P system_state_action=SYSTEM_STATE_END;
14:15:49.891 RESP GDM:895 System_StateSet system_state_result=SYSTEM_RESULT_OK;
14:15:49.984 RESP GDM:893 Phone_GetActivePhoneId phone_active_phone_id=1 phone_get_active_phoneid_result=PHONE_RESULT_OK;
14:15:49.984 CALL GDM:896 nuance_common_IKeyValuePool_setKeyValue IKeyValuePool_instance='dd_key_value_pool' key='DCC_PHO_PHONE_CONTACT_NAMES_source_callback' paramValue='1';
14:15:49.985 RESP GDM:896 nuance_common_IKeyValuePool_setKeyValue resultcode=NUANCE_COMMON_RESULTCODE_OK;
14:15:49.985 CALL GDM:897 nuance_asr_IRecognizer_createDynamicContentConsumerFromSource IRecognizer_instance='asr' IDynamicContentConsumer_instance='DCC_PHO_PHONE_CONTACT_NAMES_1' name='DCC_PHO_PHONE_CONTACT_NAMES' fromSource='1';
14:15:49.990 RESP GDM:897 nuance_asr_IRecognizer_createDynamicContentConsumerFromSource resultcode=NUANCE_COMMON_RESULTCODE_OK;
14:15:49.991 CALL GDM:898 nuance_asr_IDynamicContentConsumer_waitForCompletion IDynamicContentConsumer_instance='DCC_PHO_PHONE_CONTACT_NAMES_1';
14:15:49.994 EVNT GDM NAME=nuance_asr_IDynamicContentConsumerListener_onEvent instance='DCC_PHO_PHONE_CONTACT_NAMES_1' event=NUANCE_ASR_DYNAMICCONTENTCONSUMEREVENT_DCC_CREATION_STARTED message='';
14:15:50.001 EVNT GDM NAME=nuance_asr_IDynamicContentConsumerListener_onEvent instance='DCC_PHO_PHONE_CONTACT_NAMES_1' event=NUANCE_ASR_DYNAMICCONTENTCONSUMEREVENT_DCC_WITH_N_ENTRIES message='28';
14:15:50.001 EVNT GDM NAME=nuance_asr_IDynamicContentConsumerListener_onEvent instance='DCC_PHO_PHONE_CONTACT_NAMES_1' event=NUANCE_ASR_DYNAMICCONTENTCONSUMEREVENT_DCC_DATA_ID message='phone_dev_1_2013-02-13';
14:15:50.002 EVNT GDM NAME=nuance_asr_IDynamicContentConsumerListener_onEvent instance='DCC_PHO_PHONE_CONTACT_NAMES_1' event=NUANCE_ASR_DYNAMICCONTENTCONSUMEREVENT_DCC_CREATION_FINISHED message='';
14:15:50.002 RESP GDM:898 nuance_asr_IDynamicContentConsumer_waitForCompletion resultcode=NUANCE_COMMON_RESULTCODE_OK status=NUANCE_COMMON_IBACKGROUNDOPERATION_STATUS_COMPLETED;
14:15:50.002 CALL GDM:899 nuance_asr_IRecognizer_createDynamicContentConsumer IRecognizer_instance='asr' IDynamicContentConsumer_instance='DCC_PHO_VEHICLE_CONTACT_NAMES' name='DCC_PHO_VEHICLE_CONTACT_NAMES';
14:15:50.002 RESP GDM:899 nuance_asr_IRecognizer_createDynamicContentConsumer resultcode=NUANCE_COMMON_RESULTCODE_OK;
14:15:50.002 CALL GDM:900 nuance_asr_IDynamicContentConsumer_waitForCompletion IDynamicContentConsumer_instance='DCC_PHO_VEHICLE_CONTACT_NAMES';
14:15:50.002 EVNT GDM NAME=nuance_asr_IDynamicContentConsumerListener_onEvent instance='DCC_PHO_VEHICLE_CONTACT_NAMES' event=NUANCE_ASR_DYNAMICCONTENTCONSUMEREVENT_DCC_CREATION_STARTED message='';
14:15:50.002 EVNT GDM NAME=nuance_asr_IDynamicContentConsumerListener_onWarning instance='DCC_PHO_VEHICLE_CONTACT_NAMES' warning=NUANCE_ASR_DYNAMICCONTENTCONSUMERERROR_DCC_PERSISTED_CONTEXT_NOT_FOUND message='DCC_PHO_VEHICLE_CONTACT_NAMES_PHO_VEHICLE_FN_LN_LIST.fcf';
14:15:50.002 EVNT GDM NAME=nuance_asr_IDynamicContentConsumerListener_onEvent instance='DCC_PHO_VEHICLE_CONTACT_NAMES' event=NUANCE_ASR_DYNAMICCONTENTCONSUMEREVENT_DCC_WITH_N_ENTRIES message='0';
14:15:50.002 EVNT GDM NAME=nuance_asr_IDynamicContentConsumerListener_onEvent instance='DCC_PHO_VEHICLE_CONTACT_NAMES' event=NUANCE_ASR_DYNAMICCONTENTCONSUMEREVENT_DCC_DATA_ID message='';
14:15:50.002 EVNT GDM NAME=nuance_asr_IDynamicContentConsumerListener_onEvent instance='DCC_PHO_VEHICLE_CONTACT_NAMES' event=NUANCE_ASR_DYNAMICCONTENTCONSUMEREVENT_DCC_CREATION_FINISHED message='';
14:15:50.002 RESP GDM:900 nuance_asr_IDynamicContentConsumer_waitForCompletion resultcode=NUANCE_COMMON_RESULTCODE_OK status=NUANCE_COMMON_IBACKGROUNDOPERATION_STATUS_COMPLETED;
14:15:50.002 CALL GDM:901 nuance_asr_IDynamicContentConsumer_deleteAll IDynamicContentConsumer_instance='DCC_PHO_VEHICLE_CONTACT_NAMES';
14:15:50.017 RESP GDM:901 nuance_asr_IDynamicContentConsumer_deleteAll resultcode=NUANCE_COMMON_RESULTCODE_OK;
14:15:50.017 CALL GDM:902 nuance_asr_IDynamicContentConsumer_waitForCompletion IDynamicContentConsumer_instance='DCC_PHO_VEHICLE_CONTACT_NAMES';
14:15:50.017 RESP GDM:902 nuance_asr_IDynamicContentConsumer_waitForCompletion resultcode=NUANCE_COMMON_RESULTCODE_OK status=NUANCE_COMMON_IBACKGROUNDOPERATION_STATUS_COMPLETED;
14:15:50.017 CALL GDM:903 nuance_asr_IDynamicContentConsumer_destroy IDynamicContentConsumer_instance='DCC_PHO_VEHICLE_CONTACT_NAMES';
14:15:50.017 RESP GDM:903 nuance_asr_IDynamicContentConsumer_destroy resultcode=NUANCE_COMMON_RESULTCODE_OK;
14:15:50.017 CALL GDM:904 Tuner_TEFileRequest te_category=TE_CATEGORY_TUNER_XM_STATIONS;
14:15:50.017 RESP GDM:904 Tuner_TEFileRequest tuner_te_file_request_result=TE_FILE_OK;
14:15:50.017 CALL GDM:905 nuance_asr_IRecognizer_createDynamicContentConsumer IRecognizer_instance='asr' IDynamicContentConsumer_instance='DCC_TUN_XM_STATIONS' name='DCC_TUN_XM_STATIONS';
14:15:50.017 RESP GDM:905 nuance_asr_IRecognizer_createDynamicContentConsumer resultcode=NUANCE_COMMON_RESULTCODE_OK;
14:15:50.033 CALL GDM:906 nuance_asr_IDynamicContentConsumer_waitForCompletion IDynamicContentConsumer_instance='DCC_TUN_XM_STATIONS';
14:15:50.035 EVNT GDM NAME=nuance_asr_IDynamicContentConsumerListener_onEvent instance='DCC_TUN_XM_STATIONS' event=NUANCE_ASR_DYNAMICCONTENTCONSUMEREVENT_DCC_CREATION_STARTED message='';
14:15:50.035 EVNT GDM NAME=nuance_asr_IDynamicContentConsumerListener_onWarning instance='DCC_TUN_XM_STATIONS' warning=NUANCE_ASR_DYNAMICCONTENTCONSUMERERROR_DCC_PERSISTED_CONTEXT_NOT_FOUND message='DCC_TUN_XM_STATIONS_TUN_XM_STATIONS_LIST.fcf';
14:15:50.035 EVNT GDM NAME=nuance_asr_IDynamicContentConsumerListener_onEvent instance='DCC_TUN_XM_STATIONS' event=NUANCE_ASR_DYNAMICCONTENTCONSUMEREVENT_DCC_WITH_N_ENTRIES message='0';
14:15:50.035 EVNT GDM NAME=nuance_asr_IDynamicContentConsumerListener_onEvent instance='DCC_TUN_XM_STATIONS' event=NUANCE_ASR_DYNAMICCONTENTCONSUMEREVENT_DCC_DATA_ID message='';
14:15:50.035 EVNT GDM NAME=nuance_asr_IDynamicContentConsumerListener_onEvent instance='DCC_TUN_XM_STATIONS' event=NUANCE_ASR_DYNAMICCONTENTCONSUMEREVENT_DCC_CREATION_FINISHED message='';
14:15:50.035 RESP GDM:906 nuance_asr_IDynamicContentConsumer_waitForCompletion resultcode=NUANCE_COMMON_RESULTCODE_OK status=NUANCE_COMMON_IBACKGROUNDOPERATION_STATUS_COMPLETED;
14:15:50.035 CALL GDM:907 nuance_asr_IDynamicContentConsumer_deleteAll IDynamicContentConsumer_instance='DCC_TUN_XM_STATIONS';
14:15:50.035 RESP GDM:907 nuance_asr_IDynamicContentConsumer_deleteAll resultcode=NUANCE_COMMON_RESULTCODE_OK;
14:15:50.035 CALL GDM:908 nuance_asr_IDynamicContentConsumer_waitForCompletion IDynamicContentConsumer_instance='DCC_TUN_XM_STATIONS';
14:15:50.035 RESP GDM:908 nuance_asr_IDynamicContentConsumer_waitForCompletion resultcode=NUANCE_COMMON_RESULTCODE_OK status=NUANCE_COMMON_IBACKGROUNDOPERATION_STATUS_COMPLETED;
14:15:50.035 CALL GDM:909 nuance_asr_IDynamicContentConsumer_destroy IDynamicContentConsumer_instance='DCC_TUN_XM_STATIONS';
14:15:50.050 RESP GDM:909 nuance_asr_IDynamicContentConsumer_destroy resultcode=NUANCE_COMMON_RESULTCODE_OK;
14:15:50.050 CALL GDM:910 Tuner_TEFileRequest te_category=TE_CATEGORY_TUNER_DAB_STATION_NAME;
14:15:50.050 RESP GDM:910 Tuner_TEFileRequest tuner_te_file_request_result=TE_FILE_OK;
14:15:50.050 CALL GDM:911 nuance_asr_IRecognizer_createDynamicContentConsumer IRecognizer_instance='asr' IDynamicContentConsumer_instance='DCC_TUN_DAB_STATIONS' name='DCC_TUN_DAB_STATIONS';
14:15:50.050 RESP GDM:911 nuance_asr_IRecognizer_createDynamicContentConsumer resultcode=NUANCE_COMMON_RESULTCODE_OK;
14:15:50.050 CALL GDM:912 nuance_asr_IDynamicContentConsumer_waitForCompletion IDynamicContentConsumer_instance='DCC_TUN_DAB_STATIONS';
14:15:50.050 EVNT GDM NAME=nuance_asr_IDynamicContentConsumerListener_onEvent instance='DCC_TUN_DAB_STATIONS' event=NUANCE_ASR_DYNAMICCONTENTCONSUMEREVENT_DCC_CREATION_STARTED message='';
14:15:50.050 EVNT GDM NAME=nuance_asr_IDynamicContentConsumerListener_onWarning instance='DCC_TUN_DAB_STATIONS' warning=NUANCE_ASR_DYNAMICCONTENTCONSUMERERROR_DCC_PERSISTED_CONTEXT_NOT_FOUND message='DCC_TUN_DAB_STATIONS_TUN_DAB_STATIONS_LIST.fcf';
14:15:50.050 EVNT GDM NAME=nuance_asr_IDynamicContentConsumerListener_onEvent instance='DCC_TUN_DAB_STATIONS' event=NUANCE_ASR_DYNAMICCONTENTCONSUMEREVENT_DCC_WITH_N_ENTRIES message='0';
14:15:50.050 EVNT GDM NAME=nuance_asr_IDynamicContentConsumerListener_onEvent instance='DCC_TUN_DAB_STATIONS' event=NUANCE_ASR_DYNAMICCONTENTCONSUMEREVENT_DCC_DATA_ID message='';
14:15:50.050 EVNT GDM NAME=nuance_asr_IDynamicContentConsumerListener_onEvent instance='DCC_TUN_DAB_STATIONS' event=NUANCE_ASR_DYNAMICCONTENTCONSUMEREVENT_DCC_CREATION_FINISHED message='';
14:15:50.113 RESP GDM:912 nuance_asr_IDynamicContentConsumer_waitForCompletion resultcode=NUANCE_COMMON_RESULTCODE_OK status=NUANCE_COMMON_IBACKGROUNDOPERATION_STATUS_COMPLETED;
14:15:50.113 CALL GDM:913 nuance_asr_IDynamicContentConsumer_deleteAll IDynamicContentConsumer_instance='DCC_TUN_DAB_STATIONS';
14:15:50.113 RESP GDM:913 nuance_asr_IDynamicContentConsumer_deleteAll resultcode=NUANCE_COMMON_RESULTCODE_OK;
14:15:50.113 CALL GDM:914 nuance_asr_IDynamicContentConsumer_waitForCompletion IDynamicContentConsumer_instance='DCC_TUN_DAB_STATIONS';
14:15:50.113 RESP GDM:914 nuance_asr_IDynamicContentConsumer_waitForCompletion resultcode=NUANCE_COMMON_RESULTCODE_OK status=NUANCE_COMMON_IBACKGROUNDOPERATION_STATUS_COMPLETED;
14:15:50.113 CALL GDM:915 nuance_asr_IDynamicContentConsumer_destroy IDynamicContentConsumer_instance='DCC_TUN_DAB_STATIONS';
14:15:50.113 RESP GDM:915 nuance_asr_IDynamicContentConsumer_destroy resultcode=NUANCE_COMMON_RESULTCODE_OK;
14:15:50.113 CALL GDM:916 Tuner_TEFileRequest te_category=TE_CATEGORY_TUNER_FM_HD_STATIONNAMES;
14:15:50.113 RESP GDM:916 Tuner_TEFileRequest tuner_te_file_request_result=TE_FILE_OK;
14:15:50.113 CALL GDM:917 nuance_asr_IRecognizer_createDynamicContentConsumer IRecognizer_instance='asr' IDynamicContentConsumer_instance='DCC_TUN_FM_STATIONNAMES' name='DCC_TUN_FM_STATIONNAMES';
14:15:50.113 RESP GDM:917 nuance_asr_IRecognizer_createDynamicContentConsumer resultcode=NUANCE_COMMON_RESULTCODE_OK;
14:15:50.113 CALL GDM:918 nuance_asr_IDynamicContentConsumer_waitForCompletion IDynamicContentConsumer_instance='DCC_TUN_FM_STATIONNAMES';
14:15:50.113 EVNT GDM NAME=nuance_asr_IDynamicContentConsumerListener_onEvent instance='DCC_TUN_FM_STATIONNAMES' event=NUANCE_ASR_DYNAMICCONTENTCONSUMEREVENT_DCC_CREATION_STARTED message='';
14:15:50.135 EVNT GDM NAME=nuance_asr_IDynamicContentConsumerListener_onEvent instance='DCC_TUN_FM_STATIONNAMES' event=NUANCE_ASR_DYNAMICCONTENTCONSUMEREVENT_DCC_WITH_N_ENTRIES message='4';
14:15:50.135 EVNT GDM NAME=nuance_asr_IDynamicContentConsumerListener_onEvent instance='DCC_TUN_FM_STATIONNAMES' event=NUANCE_ASR_DYNAMICCONTENTCONSUMEREVENT_DCC_DATA_ID message='Radio_DB_2016-26-07';
14:15:50.135 EVNT GDM NAME=nuance_asr_IDynamicContentConsumerListener_onEvent instance='DCC_TUN_FM_STATIONNAMES' event=NUANCE_ASR_DYNAMICCONTENTCONSUMEREVENT_DCC_CREATION_FINISHED message='';
14:15:50.151 RESP GDM:918 nuance_asr_IDynamicContentConsumer_waitForCompletion resultcode=NUANCE_COMMON_RESULTCODE_OK status=NUANCE_COMMON_IBACKGROUNDOPERATION_STATUS_COMPLETED;
14:15:50.151 CALL GDM:919 System_UserSettingsGet;
14:15:50.897 RESP GDM:919 System_UserSettingsGet system_setting_confirm_less=false system_usersettingsget_result=SYSTEM_RESULT_OK system_setting_prompt_type=PROMPT_TYPE_SHORT system_setting_interactive_prompts=PROMPT_IACTIVE_AUTO system_setting_prompt_feedback_speed=PROMPT_SPEED_MEDIUM system_setting_voice_cmd_help_display=true system_setting_allow_promptInterrupt=false;
14:15:50.897 CALL GDM:920 nuance_prompter_IPrompter_setParameter IPrompter_instance='prompter' parameter=NUANCE_PROMPTER_PARAMETERTYPE_SPEECH_RATE parameterValue=100;
14:15:50.897 RESP GDM:920 nuance_prompter_IPrompter_setParameter resultcode=NUANCE_COMMON_RESULTCODE_OK;
14:15:50.897 CALL GDM:921 System_StateSet system_state=SYSTEM_STATE_NAVI_SDCARD_MOUNT_INIT system_state_action=SYSTEM_STATE_END;
14:15:50.897 RESP GDM:921 System_StateSet system_state_result=SYSTEM_RESULT_OK;
14:15:50.897 CALL GDM:922 Media_ConnectedDevicesGet;
14:15:50.897 RESP GDM:922 Media_ConnectedDevicesGet media_connecteddevicesget_result=MEDIA_RESULT_OK;
14:15:50.897 CALL GDM:923 FileService_LoadFile file_name='mediadevice_list.cop' column_names={ '*' };
14:15:50.897 RESP GDM:923 FileService_LoadFile load_file_error=FILE_SERVICE_OK;
14:15:50.897 CALL GDM:924 System_StateSet system_state=SYSTEM_STATE_MEDIA_DEVICELIST_G2P system_state_action=SYSTEM_STATE_BEGIN;
14:15:50.897 RESP GDM:924 System_StateSet system_state_result=SYSTEM_RESULT_OK;
14:15:50.897 CALL GDM:925 FileService_GetLineCount file_name='mediadevice_list.cop';
14:15:50.897 RESP GDM:925 FileService_GetLineCount line_count=1 get_line_count_error=FILE_SERVICE_OK;
14:15:50.897 CALL GDM:926 FileService_GetData file_name='mediadevice_list.cop' line_number=1 line_count=1 column_name='*';
14:15:50.897 RESP GDM:926 FileService_GetData data={ '1', 'iphone-id~IPhone', 'Phone' } get_data_error=FILE_SERVICE_OK;
14:15:50.897 CALL GDM:927 FileService_UnloadFile file_name='mediadevice_list.cop';
14:15:50.897 RESP GDM:927 FileService_UnloadFile unload_file_error=FILE_SERVICE_OK;
14:15:50.897 CALL GDM:928 nuance_asr_ICOPFileReader_create ICOPFileReader_instance='ICOPFileReader_DCC_MEDIA_DEV_LIST' cOPFilePath='../test_data/mediadevice_list.cop';
14:15:50.897 RESP GDM:928 nuance_asr_ICOPFileReader_create resultcode=NUANCE_COMMON_RESULTCODE_OK;
14:15:50.897 CALL GDM:929 nuance_asr_IRecognizer_createDynamicContentConsumer IRecognizer_instance='asr' IDynamicContentConsumer_instance='DCC_MEDIA_DEV_LIST' name='DCC_MEDIA_DEV_LIST';
14:15:50.897 RESP GDM:929 nuance_asr_IRecognizer_createDynamicContentConsumer resultcode=NUANCE_COMMON_RESULTCODE_OK;
14:15:50.897 CALL GDM:930 nuance_asr_IDynamicContentConsumer_waitForCompletion IDynamicContentConsumer_instance='DCC_MEDIA_DEV_LIST';
14:15:50.912 EVNT GDM NAME=nuance_asr_IDynamicContentConsumerListener_onEvent instance='DCC_MEDIA_DEV_LIST' event=NUANCE_ASR_DYNAMICCONTENTCONSUMEREVENT_DCC_CREATION_STARTED message='';
14:15:50.912 EVNT GDM NAME=nuance_asr_IDynamicContentConsumerListener_onEvent instance='DCC_MEDIA_DEV_LIST' event=NUANCE_ASR_DYNAMICCONTENTCONSUMEREVENT_DCC_WITH_N_ENTRIES message='1';
14:15:50.912 EVNT GDM NAME=nuance_asr_IDynamicContentConsumerListener_onEvent instance='DCC_MEDIA_DEV_LIST' event=NUANCE_ASR_DYNAMICCONTENTCONSUMEREVENT_DCC_DATA_ID message='info30_picklist_mediadevice_list_2015_05_27';
14:15:50.912 EVNT GDM NAME=nuance_asr_IDynamicContentConsumerListener_onEvent instance='DCC_MEDIA_DEV_LIST' event=NUANCE_ASR_DYNAMICCONTENTCONSUMEREVENT_DCC_CREATION_FINISHED message='';
14:15:50.912 RESP GDM:930 nuance_asr_IDynamicContentConsumer_waitForCompletion resultcode=NUANCE_COMMON_RESULTCODE_OK status=NUANCE_COMMON_IBACKGROUNDOPERATION_STATUS_COMPLETED;
14:15:50.912 CALL GDM:931 nuance_asr_IDynamicContentConsumer_deleteAll IDynamicContentConsumer_instance='DCC_MEDIA_DEV_LIST';
14:15:50.912 RESP GDM:931 nuance_asr_IDynamicContentConsumer_deleteAll resultcode=NUANCE_COMMON_RESULTCODE_OK;
14:15:50.912 CALL GDM:932 nuance_asr_IDynamicContentConsumer_waitForCompletion IDynamicContentConsumer_instance='DCC_MEDIA_DEV_LIST';
14:15:50.912 RESP GDM:932 nuance_asr_IDynamicContentConsumer_waitForCompletion resultcode=NUANCE_COMMON_RESULTCODE_OK status=NUANCE_COMMON_IBACKGROUNDOPERATION_STATUS_COMPLETED;
14:15:50.912 CALL GDM:933 nuance_asr_IDynamicContentConsumer_startDataPreparation IDynamicContentConsumer_instance='DCC_MEDIA_DEV_LIST' iterator='ICOPFileReader_DCC_MEDIA_DEV_LIST';
14:15:50.928 RESP GDM:933 nuance_asr_IDynamicContentConsumer_startDataPreparation resultcode=NUANCE_COMMON_RESULTCODE_OK;
14:15:50.931 EVNT GDM NAME=nuance_asr_IDynamicContentConsumerListener_onEvent instance='DCC_MEDIA_DEV_LIST' event=NUANCE_ASR_DYNAMICCONTENTCONSUMEREVENT_DCC_DATA_PREPARATION_STARTED message='';
14:15:50.954 EVNT GDM NAME=nuance_asr_IDynamicContentConsumerListener_onWarning instance='DCC_MEDIA_DEV_LIST' warning=NUANCE_ASR_DYNAMICCONTENTCONSUMERERROR_DCC_DICTIONARY_NOT_FOUND message='genres.dcb';
14:15:50.999 EVNT GDM NAME=nuance_asr_IDynamicContentConsumerListener_onEvent instance='DCC_MEDIA_DEV_LIST' event=NUANCE_ASR_DYNAMICCONTENTCONSUMEREVENT_DCC_DATA_PREPARATION_FINISHED message='';
14:15:50.999 CALL GDM:934 nuance_asr_ICOPFileReader_destroy ICOPFileReader_instance='ICOPFileReader_DCC_MEDIA_DEV_LIST';
14:15:50.999 RESP GDM:934 nuance_asr_ICOPFileReader_destroy resultcode=NUANCE_COMMON_RESULTCODE_OK;
14:15:50.999 CALL GDM:935 nuance_common_IKeyValuePool_setKeyValue IKeyValuePool_instance='dd_key_value_pool' key='DCC_MEDIA_source_1_callback' paramValue='iphone-id';
14:15:50.999 RESP GDM:935 nuance_common_IKeyValuePool_setKeyValue resultcode=NUANCE_COMMON_RESULTCODE_OK;
14:15:50.999 CALL GDM:936 nuance_asr_IRecognizer_createDynamicContentConsumerFromSource IRecognizer_instance='asr' IDynamicContentConsumer_instance='DCC_MEDIA_iphone-id' name='DCC_MEDIA' fromSource='iphone-id';
14:15:51.015 RESP GDM:936 nuance_asr_IRecognizer_createDynamicContentConsumerFromSource resultcode=NUANCE_COMMON_RESULTCODE_OK;
14:15:51.015 CALL GDM:937 nuance_asr_IDynamicContentConsumer_waitForCompletion IDynamicContentConsumer_instance='DCC_MEDIA_iphone-id';
14:15:51.015 EVNT GDM NAME=nuance_asr_IDynamicContentConsumerListener_onEvent instance='DCC_MEDIA_iphone-id' event=NUANCE_ASR_DYNAMICCONTENTCONSUMEREVENT_DCC_CREATION_STARTED message='';
14:15:51.050 EVNT GDM NAME=nuance_asr_IDynamicContentConsumerListener_onEvent instance='DCC_MEDIA_iphone-id' event=NUANCE_ASR_DYNAMICCONTENTCONSUMEREVENT_DCC_WITH_N_ENTRIES message='1';
14:15:51.050 EVNT GDM NAME=nuance_asr_IDynamicContentConsumerListener_onEvent instance='DCC_MEDIA_iphone-id' event=NUANCE_ASR_DYNAMICCONTENTCONSUMEREVENT_DCC_DATA_ID message='MME_dev_iphone_mme_2015-05-27';
14:15:51.050 EVNT GDM NAME=nuance_asr_IDynamicContentConsumerListener_onEvent instance='DCC_MEDIA_iphone-id' event=NUANCE_ASR_DYNAMICCONTENTCONSUMEREVENT_DCC_CREATION_FINISHED message='';
14:15:51.050 RESP GDM:937 nuance_asr_IDynamicContentConsumer_waitForCompletion resultcode=NUANCE_COMMON_RESULTCODE_OK status=NUANCE_COMMON_IBACKGROUNDOPERATION_STATUS_COMPLETED;
14:15:51.050 CALL GDM:938 nuance_common_IKeyValuePool_setKeyValue IKeyValuePool_instance='dd_key_value_pool' key='DCC_MEDIA_source_1_callback' paramValue='iphone-id';
14:15:51.050 RESP GDM:938 nuance_common_IKeyValuePool_setKeyValue resultcode=NUANCE_COMMON_RESULTCODE_OK;
14:15:51.050 CALL GDM:939 nuance_asr_IRecognizer_createDynamicContentConsumerFromSource IRecognizer_instance='asr' IDynamicContentConsumer_instance='DCC_MEDIA_AUDIOBOOKS_iphone-id' name='DCC_MEDIA_AUDIOBOOKS' fromSource='iphone-id';
14:15:51.050 RESP GDM:939 nuance_asr_IRecognizer_createDynamicContentConsumerFromSource resultcode=NUANCE_COMMON_RESULTCODE_OK;
14:15:51.050 CALL GDM:940 nuance_asr_IDynamicContentConsumer_waitForCompletion IDynamicContentConsumer_instance='DCC_MEDIA_AUDIOBOOKS_iphone-id';
14:15:51.066 EVNT GDM NAME=nuance_asr_IDynamicContentConsumerListener_onEvent instance='DCC_MEDIA_AUDIOBOOKS_iphone-id' event=NUANCE_ASR_DYNAMICCONTENTCONSUMEREVENT_DCC_CREATION_STARTED message='';
14:15:51.066 EVNT GDM NAME=nuance_asr_IDynamicContentConsumerListener_onEvent instance='DCC_MEDIA_AUDIOBOOKS_iphone-id' event=NUANCE_ASR_DYNAMICCONTENTCONSUMEREVENT_DCC_WITH_N_ENTRIES message='1';
14:15:51.066 EVNT GDM NAME=nuance_asr_IDynamicContentConsumerListener_onEvent instance='DCC_MEDIA_AUDIOBOOKS_iphone-id' event=NUANCE_ASR_DYNAMICCONTENTCONSUMEREVENT_DCC_DATA_ID message='MME_dev_iphone_audiobook_2015-05-27';
14:15:51.066 EVNT GDM NAME=nuance_asr_IDynamicContentConsumerListener_onEvent instance='DCC_MEDIA_AUDIOBOOKS_iphone-id' event=NUANCE_ASR_DYNAMICCONTENTCONSUMEREVENT_DCC_CREATION_FINISHED message='';
14:15:51.066 RESP GDM:940 nuance_asr_IDynamicContentConsumer_waitForCompletion resultcode=NUANCE_COMMON_RESULTCODE_OK status=NUANCE_COMMON_IBACKGROUNDOPERATION_STATUS_COMPLETED;
14:15:51.066 CALL GDM:941 nuance_common_IKeyValuePool_setKeyValue IKeyValuePool_instance='dd_key_value_pool' key='DCC_MEDIA_source_1_callback' paramValue='iphone-id';
14:15:51.066 RESP GDM:941 nuance_common_IKeyValuePool_setKeyValue resultcode=NUANCE_COMMON_RESULTCODE_OK;
14:15:51.066 CALL GDM:942 nuance_asr_IRecognizer_createDynamicContentConsumerFromSource IRecognizer_instance='asr' IDynamicContentConsumer_instance='DCC_MEDIA_PLAYLISTS_iphone-id' name='DCC_MEDIA_PLAYLISTS' fromSource='iphone-id';
14:15:51.066 RESP GDM:942 nuance_asr_IRecognizer_createDynamicContentConsumerFromSource resultcode=NUANCE_COMMON_RESULTCODE_OK;
14:15:51.082 CALL GDM:943 nuance_asr_IDynamicContentConsumer_waitForCompletion IDynamicContentConsumer_instance='DCC_MEDIA_PLAYLISTS_iphone-id';
14:15:51.082 EVNT GDM NAME=nuance_asr_IDynamicContentConsumerListener_onEvent instance='DCC_MEDIA_PLAYLISTS_iphone-id' event=NUANCE_ASR_DYNAMICCONTENTCONSUMEREVENT_DCC_CREATION_STARTED message='';
14:15:51.082 EVNT GDM NAME=nuance_asr_IDynamicContentConsumerListener_onEvent instance='DCC_MEDIA_PLAYLISTS_iphone-id' event=NUANCE_ASR_DYNAMICCONTENTCONSUMEREVENT_DCC_WITH_N_ENTRIES message='1';
14:15:51.082 EVNT GDM NAME=nuance_asr_IDynamicContentConsumerListener_onEvent instance='DCC_MEDIA_PLAYLISTS_iphone-id' event=NUANCE_ASR_DYNAMICCONTENTCONSUMEREVENT_DCC_DATA_ID message='MME_dev_iphone_Playlist_2015-05-27';
14:15:51.082 EVNT GDM NAME=nuance_asr_IDynamicContentConsumerListener_onEvent instance='DCC_MEDIA_PLAYLISTS_iphone-id' event=NUANCE_ASR_DYNAMICCONTENTCONSUMEREVENT_DCC_CREATION_FINISHED message='';
14:15:51.082 RESP GDM:943 nuance_asr_IDynamicContentConsumer_waitForCompletion resultcode=NUANCE_COMMON_RESULTCODE_OK status=NUANCE_COMMON_IBACKGROUNDOPERATION_STATUS_COMPLETED;
14:15:51.082 CALL GDM:944 nuance_common_IKeyValuePool_setKeyValue IKeyValuePool_instance='dd_key_value_pool' key='DCC_MEDIA_source_1_callback' paramValue='iphone-id';
14:15:51.082 RESP GDM:944 nuance_common_IKeyValuePool_setKeyValue resultcode=NUANCE_COMMON_RESULTCODE_OK;
14:15:51.082 CALL GDM:945 nuance_asr_IRecognizer_createDynamicContentConsumerFromSource IRecognizer_instance='asr' IDynamicContentConsumer_instance='DCC_MEDIA_PODCASTS_iphone-id' name='DCC_MEDIA_PODCASTS' fromSource='iphone-id';
14:15:51.097 RESP GDM:945 nuance_asr_IRecognizer_createDynamicContentConsumerFromSource resultcode=NUANCE_COMMON_RESULTCODE_OK;
14:15:51.097 CALL GDM:946 nuance_asr_IDynamicContentConsumer_waitForCompletion IDynamicContentConsumer_instance='DCC_MEDIA_PODCASTS_iphone-id';
14:15:51.097 EVNT GDM NAME=nuance_asr_IDynamicContentConsumerListener_onEvent instance='DCC_MEDIA_PODCASTS_iphone-id' event=NUANCE_ASR_DYNAMICCONTENTCONSUMEREVENT_DCC_CREATION_STARTED message='';
14:15:51.097 EVNT GDM NAME=nuance_asr_IDynamicContentConsumerListener_onEvent instance='DCC_MEDIA_PODCASTS_iphone-id' event=NUANCE_ASR_DYNAMICCONTENTCONSUMEREVENT_DCC_WITH_N_ENTRIES message='1';
14:15:51.097 EVNT GDM NAME=nuance_asr_IDynamicContentConsumerListener_onEvent instance='DCC_MEDIA_PODCASTS_iphone-id' event=NUANCE_ASR_DYNAMICCONTENTCONSUMEREVENT_DCC_DATA_ID message='MME_dev_iphone_Podcast_2015-05-27';
14:15:51.097 EVNT GDM NAME=nuance_asr_IDynamicContentConsumerListener_onEvent instance='DCC_MEDIA_PODCASTS_iphone-id' event=NUANCE_ASR_DYNAMICCONTENTCONSUMEREVENT_DCC_CREATION_FINISHED message='';
14:15:51.097 RESP GDM:946 nuance_asr_IDynamicContentConsumer_waitForCompletion resultcode=NUANCE_COMMON_RESULTCODE_OK status=NUANCE_COMMON_IBACKGROUNDOPERATION_STATUS_COMPLETED;
14:15:51.113 CALL GDM:947 nuance_common_IKeyValuePool_setKeyValue IKeyValuePool_instance='dd_key_value_pool' key='DCC_MEDIA_source_1_callback' paramValue='iphone-id';
14:15:51.113 RESP GDM:947 nuance_common_IKeyValuePool_setKeyValue resultcode=NUANCE_COMMON_RESULTCODE_OK;
14:15:51.113 CALL GDM:948 nuance_asr_IRecognizer_createDynamicContentConsumerFromSource IRecognizer_instance='asr' IDynamicContentConsumer_instance='DCC_MEDIA_VIDEOS_iphone-id' name='DCC_MEDIA_VIDEOS' fromSource='iphone-id';
14:15:51.113 RESP GDM:948 nuance_asr_IRecognizer_createDynamicContentConsumerFromSource resultcode=NUANCE_COMMON_RESULTCODE_OK;
14:15:51.113 CALL GDM:949 nuance_asr_IDynamicContentConsumer_waitForCompletion IDynamicContentConsumer_instance='DCC_MEDIA_VIDEOS_iphone-id';
14:15:51.113 EVNT GDM NAME=nuance_asr_IDynamicContentConsumerListener_onEvent instance='DCC_MEDIA_VIDEOS_iphone-id' event=NUANCE_ASR_DYNAMICCONTENTCONSUMEREVENT_DCC_CREATION_STARTED message='';
14:15:51.128 EVNT GDM NAME=nuance_asr_IDynamicContentConsumerListener_onEvent instance='DCC_MEDIA_VIDEOS_iphone-id' event=NUANCE_ASR_DYNAMICCONTENTCONSUMEREVENT_DCC_WITH_N_ENTRIES message='3';
14:15:51.129 EVNT GDM NAME=nuance_asr_IDynamicContentConsumerListener_onEvent instance='DCC_MEDIA_VIDEOS_iphone-id' event=NUANCE_ASR_DYNAMICCONTENTCONSUMEREVENT_DCC_DATA_ID message='MME_dev_iphone_Video_2015-05-27';
14:15:51.130 EVNT GDM NAME=nuance_asr_IDynamicContentConsumerListener_onEvent instance='DCC_MEDIA_VIDEOS_iphone-id' event=NUANCE_ASR_DYNAMICCONTENTCONSUMEREVENT_DCC_CREATION_FINISHED message='';
14:15:51.131 RESP GDM:949 nuance_asr_IDynamicContentConsumer_waitForCompletion resultcode=NUANCE_COMMON_RESULTCODE_OK status=NUANCE_COMMON_IBACKGROUNDOPERATION_STATUS_COMPLETED;
14:15:51.131 CALL GDM:950 Media_ItemCountGet media_item_type=MEDIA_ITEM_ALBUM;
14:15:51.131 RESP GDM:950 Media_ItemCountGet media_item_count_get_result=MEDIA_RESULT_OK media_count=100;
14:15:51.132 CALL GDM:951 Media_ItemCountGet media_item_type=MEDIA_ITEM_ARTIST;
14:15:51.132 RESP GDM:951 Media_ItemCountGet media_item_count_get_result=MEDIA_RESULT_OK media_count=100;
14:15:51.132 CALL GDM:952 Media_ItemCountGet media_item_type=MEDIA_ITEM_AUDIOBOOK_CHAPTER;
14:15:51.151 RESP GDM:952 Media_ItemCountGet media_item_count_get_result=MEDIA_RESULT_OK media_count=100;
14:15:51.182 CALL GDM:953 Media_ItemCountGet media_item_type=MEDIA_ITEM_AUDIOBOOK_TITLE;
14:15:51.182 RESP GDM:953 Media_ItemCountGet media_item_count_get_result=MEDIA_RESULT_OK media_count=100;
14:15:51.182 CALL GDM:954 Media_ItemCountGet media_item_type=MEDIA_ITEM_GENRE;
14:15:51.182 RESP GDM:954 Media_ItemCountGet media_item_count_get_result=MEDIA_RESULT_OK media_count=100;
14:15:51.182 CALL GDM:955 Media_ItemCountGet media_item_type=MEDIA_ITEM_PLAYLIST;
14:15:51.182 RESP GDM:955 Media_ItemCountGet media_item_count_get_result=MEDIA_RESULT_OK media_count=100;
14:15:51.182 CALL GDM:956 Media_ItemCountGet media_item_type=MEDIA_ITEM_PODCAST_EPISODE;
14:15:51.182 RESP GDM:956 Media_ItemCountGet media_item_count_get_result=MEDIA_RESULT_OK media_count=100;
14:15:51.182 CALL GDM:957 Media_ItemCountGet media_item_type=MEDIA_ITEM_PODCAST_TITLE;
14:15:51.182 RESP GDM:957 Media_ItemCountGet media_item_count_get_result=MEDIA_RESULT_OK media_count=100;
14:15:51.182 CALL GDM:958 Media_ItemCountGet media_item_type=MEDIA_ITEM_SONG;
14:15:51.182 RESP GDM:958 Media_ItemCountGet media_item_count_get_result=MEDIA_RESULT_OK media_count=100;
14:15:51.182 CALL GDM:959 Media_ItemCountGet media_item_type=MEDIA_ITEM_VIDEO;
14:15:51.182 RESP GDM:959 Media_ItemCountGet media_item_count_get_result=MEDIA_RESULT_OK media_count=100;
14:15:51.182 CALL GDM:960 System_StateSet system_state=SYSTEM_STATE_MEDIA_DEVICELIST_G2P system_state_action=SYSTEM_STATE_END;
14:15:51.182 RESP GDM:960 System_StateSet system_state_result=SYSTEM_RESULT_OK;
